[2025-12-01T04:35:14.767+0000] {processor.py:186} INFO - Started process (PID=3004) to work on /opt/airflow/dags/config.py
[2025-12-01T04:35:14.768+0000] {processor.py:914} INFO - Processing file /opt/airflow/dags/config.py for tasks to queue
[2025-12-01T04:35:14.770+0000] {logging_mixin.py:190} INFO - [2025-12-01T04:35:14.769+0000] {dagbag.py:588} INFO - Filling up the DagBag from /opt/airflow/dags/config.py
[2025-12-01T04:35:14.809+0000] {processor.py:927} WARNING - No viable dags retrieved from /opt/airflow/dags/config.py
[2025-12-01T04:35:14.822+0000] {processor.py:208} INFO - Processing /opt/airflow/dags/config.py took 0.059 seconds
[2025-12-01T04:35:45.038+0000] {processor.py:186} INFO - Started process (PID=3031) to work on /opt/airflow/dags/config.py
[2025-12-01T04:35:45.039+0000] {processor.py:914} INFO - Processing file /opt/airflow/dags/config.py for tasks to queue
[2025-12-01T04:35:45.041+0000] {logging_mixin.py:190} INFO - [2025-12-01T04:35:45.040+0000] {dagbag.py:588} INFO - Filling up the DagBag from /opt/airflow/dags/config.py
[2025-12-01T04:35:45.081+0000] {processor.py:927} WARNING - No viable dags retrieved from /opt/airflow/dags/config.py
[2025-12-01T04:35:45.091+0000] {processor.py:208} INFO - Processing /opt/airflow/dags/config.py took 0.058 seconds
[2025-12-01T04:36:15.281+0000] {processor.py:186} INFO - Started process (PID=3052) to work on /opt/airflow/dags/config.py
[2025-12-01T04:36:15.282+0000] {processor.py:914} INFO - Processing file /opt/airflow/dags/config.py for tasks to queue
[2025-12-01T04:36:15.284+0000] {logging_mixin.py:190} INFO - [2025-12-01T04:36:15.284+0000] {dagbag.py:588} INFO - Filling up the DagBag from /opt/airflow/dags/config.py
[2025-12-01T04:36:15.324+0000] {processor.py:927} WARNING - No viable dags retrieved from /opt/airflow/dags/config.py
[2025-12-01T04:36:15.334+0000] {processor.py:208} INFO - Processing /opt/airflow/dags/config.py took 0.058 seconds
[2025-12-01T04:36:45.572+0000] {processor.py:186} INFO - Started process (PID=3074) to work on /opt/airflow/dags/config.py
[2025-12-01T04:36:45.573+0000] {processor.py:914} INFO - Processing file /opt/airflow/dags/config.py for tasks to queue
[2025-12-01T04:36:45.575+0000] {logging_mixin.py:190} INFO - [2025-12-01T04:36:45.575+0000] {dagbag.py:588} INFO - Filling up the DagBag from /opt/airflow/dags/config.py
[2025-12-01T04:36:45.614+0000] {processor.py:927} WARNING - No viable dags retrieved from /opt/airflow/dags/config.py
[2025-12-01T04:36:45.625+0000] {processor.py:208} INFO - Processing /opt/airflow/dags/config.py took 0.057 seconds
[2025-12-01T04:37:15.821+0000] {processor.py:186} INFO - Started process (PID=3095) to work on /opt/airflow/dags/config.py
[2025-12-01T04:37:15.824+0000] {processor.py:914} INFO - Processing file /opt/airflow/dags/config.py for tasks to queue
[2025-12-01T04:37:15.825+0000] {logging_mixin.py:190} INFO - [2025-12-01T04:37:15.825+0000] {dagbag.py:588} INFO - Filling up the DagBag from /opt/airflow/dags/config.py
[2025-12-01T04:37:15.865+0000] {processor.py:927} WARNING - No viable dags retrieved from /opt/airflow/dags/config.py
[2025-12-01T04:37:15.876+0000] {processor.py:208} INFO - Processing /opt/airflow/dags/config.py took 0.060 seconds
[2025-12-01T04:37:46.102+0000] {processor.py:186} INFO - Started process (PID=3116) to work on /opt/airflow/dags/config.py
[2025-12-01T04:37:46.102+0000] {processor.py:914} INFO - Processing file /opt/airflow/dags/config.py for tasks to queue
[2025-12-01T04:37:46.105+0000] {logging_mixin.py:190} INFO - [2025-12-01T04:37:46.105+0000] {dagbag.py:588} INFO - Filling up the DagBag from /opt/airflow/dags/config.py
[2025-12-01T04:37:46.145+0000] {processor.py:927} WARNING - No viable dags retrieved from /opt/airflow/dags/config.py
[2025-12-01T04:37:46.155+0000] {processor.py:208} INFO - Processing /opt/airflow/dags/config.py took 0.057 seconds
[2025-12-01T04:38:16.363+0000] {processor.py:186} INFO - Started process (PID=3137) to work on /opt/airflow/dags/config.py
[2025-12-01T04:38:16.365+0000] {processor.py:914} INFO - Processing file /opt/airflow/dags/config.py for tasks to queue
[2025-12-01T04:38:16.367+0000] {logging_mixin.py:190} INFO - [2025-12-01T04:38:16.366+0000] {dagbag.py:588} INFO - Filling up the DagBag from /opt/airflow/dags/config.py
[2025-12-01T04:38:16.407+0000] {processor.py:927} WARNING - No viable dags retrieved from /opt/airflow/dags/config.py
[2025-12-01T04:38:16.418+0000] {processor.py:208} INFO - Processing /opt/airflow/dags/config.py took 0.060 seconds
[2025-12-01T04:38:46.630+0000] {processor.py:186} INFO - Started process (PID=3159) to work on /opt/airflow/dags/config.py
[2025-12-01T04:38:46.631+0000] {processor.py:914} INFO - Processing file /opt/airflow/dags/config.py for tasks to queue
[2025-12-01T04:38:46.633+0000] {logging_mixin.py:190} INFO - [2025-12-01T04:38:46.633+0000] {dagbag.py:588} INFO - Filling up the DagBag from /opt/airflow/dags/config.py
[2025-12-01T04:38:46.672+0000] {processor.py:927} WARNING - No viable dags retrieved from /opt/airflow/dags/config.py
[2025-12-01T04:38:46.681+0000] {processor.py:208} INFO - Processing /opt/airflow/dags/config.py took 0.056 seconds
[2025-12-01T04:39:16.877+0000] {processor.py:186} INFO - Started process (PID=3181) to work on /opt/airflow/dags/config.py
[2025-12-01T04:39:16.878+0000] {processor.py:914} INFO - Processing file /opt/airflow/dags/config.py for tasks to queue
[2025-12-01T04:39:16.880+0000] {logging_mixin.py:190} INFO - [2025-12-01T04:39:16.880+0000] {dagbag.py:588} INFO - Filling up the DagBag from /opt/airflow/dags/config.py
[2025-12-01T04:39:16.921+0000] {processor.py:927} WARNING - No viable dags retrieved from /opt/airflow/dags/config.py
[2025-12-01T04:39:16.930+0000] {processor.py:208} INFO - Processing /opt/airflow/dags/config.py took 0.058 seconds
[2025-12-01T04:39:47.170+0000] {processor.py:186} INFO - Started process (PID=3203) to work on /opt/airflow/dags/config.py
[2025-12-01T04:39:47.171+0000] {processor.py:914} INFO - Processing file /opt/airflow/dags/config.py for tasks to queue
[2025-12-01T04:39:47.173+0000] {logging_mixin.py:190} INFO - [2025-12-01T04:39:47.173+0000] {dagbag.py:588} INFO - Filling up the DagBag from /opt/airflow/dags/config.py
[2025-12-01T04:39:47.212+0000] {processor.py:927} WARNING - No viable dags retrieved from /opt/airflow/dags/config.py
[2025-12-01T04:39:47.222+0000] {processor.py:208} INFO - Processing /opt/airflow/dags/config.py took 0.056 seconds
[2025-12-01T04:40:17.421+0000] {processor.py:186} INFO - Started process (PID=3224) to work on /opt/airflow/dags/config.py
[2025-12-01T04:40:17.422+0000] {processor.py:914} INFO - Processing file /opt/airflow/dags/config.py for tasks to queue
[2025-12-01T04:40:17.424+0000] {logging_mixin.py:190} INFO - [2025-12-01T04:40:17.424+0000] {dagbag.py:588} INFO - Filling up the DagBag from /opt/airflow/dags/config.py
[2025-12-01T04:40:17.463+0000] {processor.py:927} WARNING - No viable dags retrieved from /opt/airflow/dags/config.py
[2025-12-01T04:40:17.474+0000] {processor.py:208} INFO - Processing /opt/airflow/dags/config.py took 0.057 seconds
[2025-12-01T04:40:47.697+0000] {processor.py:186} INFO - Started process (PID=3245) to work on /opt/airflow/dags/config.py
[2025-12-01T04:40:47.699+0000] {processor.py:914} INFO - Processing file /opt/airflow/dags/config.py for tasks to queue
[2025-12-01T04:40:47.701+0000] {logging_mixin.py:190} INFO - [2025-12-01T04:40:47.700+0000] {dagbag.py:588} INFO - Filling up the DagBag from /opt/airflow/dags/config.py
[2025-12-01T04:40:47.740+0000] {processor.py:927} WARNING - No viable dags retrieved from /opt/airflow/dags/config.py
[2025-12-01T04:40:47.751+0000] {processor.py:208} INFO - Processing /opt/airflow/dags/config.py took 0.059 seconds
[2025-12-01T04:41:17.948+0000] {processor.py:186} INFO - Started process (PID=3267) to work on /opt/airflow/dags/config.py
[2025-12-01T04:41:17.949+0000] {processor.py:914} INFO - Processing file /opt/airflow/dags/config.py for tasks to queue
[2025-12-01T04:41:17.951+0000] {logging_mixin.py:190} INFO - [2025-12-01T04:41:17.951+0000] {dagbag.py:588} INFO - Filling up the DagBag from /opt/airflow/dags/config.py
[2025-12-01T04:41:17.991+0000] {processor.py:927} WARNING - No viable dags retrieved from /opt/airflow/dags/config.py
[2025-12-01T04:41:18.001+0000] {processor.py:208} INFO - Processing /opt/airflow/dags/config.py took 0.058 seconds
[2025-12-01T04:41:48.233+0000] {processor.py:186} INFO - Started process (PID=3288) to work on /opt/airflow/dags/config.py
[2025-12-01T04:41:48.235+0000] {processor.py:914} INFO - Processing file /opt/airflow/dags/config.py for tasks to queue
[2025-12-01T04:41:48.237+0000] {logging_mixin.py:190} INFO - [2025-12-01T04:41:48.237+0000] {dagbag.py:588} INFO - Filling up the DagBag from /opt/airflow/dags/config.py
[2025-12-01T04:41:48.278+0000] {processor.py:927} WARNING - No viable dags retrieved from /opt/airflow/dags/config.py
[2025-12-01T04:41:48.287+0000] {processor.py:208} INFO - Processing /opt/airflow/dags/config.py took 0.058 seconds
[2025-12-01T04:42:18.485+0000] {processor.py:186} INFO - Started process (PID=3309) to work on /opt/airflow/dags/config.py
[2025-12-01T04:42:18.486+0000] {processor.py:914} INFO - Processing file /opt/airflow/dags/config.py for tasks to queue
[2025-12-01T04:42:18.488+0000] {logging_mixin.py:190} INFO - [2025-12-01T04:42:18.487+0000] {dagbag.py:588} INFO - Filling up the DagBag from /opt/airflow/dags/config.py
[2025-12-01T04:42:18.528+0000] {processor.py:927} WARNING - No viable dags retrieved from /opt/airflow/dags/config.py
[2025-12-01T04:42:18.538+0000] {processor.py:208} INFO - Processing /opt/airflow/dags/config.py took 0.058 seconds
[2025-12-01T04:42:48.762+0000] {processor.py:186} INFO - Started process (PID=3330) to work on /opt/airflow/dags/config.py
[2025-12-01T04:42:48.764+0000] {processor.py:914} INFO - Processing file /opt/airflow/dags/config.py for tasks to queue
[2025-12-01T04:42:48.765+0000] {logging_mixin.py:190} INFO - [2025-12-01T04:42:48.765+0000] {dagbag.py:588} INFO - Filling up the DagBag from /opt/airflow/dags/config.py
[2025-12-01T04:42:48.804+0000] {processor.py:927} WARNING - No viable dags retrieved from /opt/airflow/dags/config.py
[2025-12-01T04:42:48.814+0000] {processor.py:208} INFO - Processing /opt/airflow/dags/config.py took 0.056 seconds
[2025-12-01T04:43:18.997+0000] {processor.py:186} INFO - Started process (PID=3352) to work on /opt/airflow/dags/config.py
[2025-12-01T04:43:18.997+0000] {processor.py:914} INFO - Processing file /opt/airflow/dags/config.py for tasks to queue
[2025-12-01T04:43:18.999+0000] {logging_mixin.py:190} INFO - [2025-12-01T04:43:18.999+0000] {dagbag.py:588} INFO - Filling up the DagBag from /opt/airflow/dags/config.py
[2025-12-01T04:43:19.038+0000] {processor.py:927} WARNING - No viable dags retrieved from /opt/airflow/dags/config.py
[2025-12-01T04:43:19.049+0000] {processor.py:208} INFO - Processing /opt/airflow/dags/config.py took 0.057 seconds
[2025-12-01T04:43:49.258+0000] {processor.py:186} INFO - Started process (PID=3373) to work on /opt/airflow/dags/config.py
[2025-12-01T04:43:49.260+0000] {processor.py:914} INFO - Processing file /opt/airflow/dags/config.py for tasks to queue
[2025-12-01T04:43:49.261+0000] {logging_mixin.py:190} INFO - [2025-12-01T04:43:49.261+0000] {dagbag.py:588} INFO - Filling up the DagBag from /opt/airflow/dags/config.py
[2025-12-01T04:43:49.301+0000] {processor.py:927} WARNING - No viable dags retrieved from /opt/airflow/dags/config.py
[2025-12-01T04:43:49.311+0000] {processor.py:208} INFO - Processing /opt/airflow/dags/config.py took 0.057 seconds
[2025-12-01T04:44:19.510+0000] {processor.py:186} INFO - Started process (PID=3395) to work on /opt/airflow/dags/config.py
[2025-12-01T04:44:19.510+0000] {processor.py:914} INFO - Processing file /opt/airflow/dags/config.py for tasks to queue
[2025-12-01T04:44:19.513+0000] {logging_mixin.py:190} INFO - [2025-12-01T04:44:19.513+0000] {dagbag.py:588} INFO - Filling up the DagBag from /opt/airflow/dags/config.py
[2025-12-01T04:44:19.553+0000] {processor.py:927} WARNING - No viable dags retrieved from /opt/airflow/dags/config.py
[2025-12-01T04:44:19.564+0000] {processor.py:208} INFO - Processing /opt/airflow/dags/config.py took 0.059 seconds
[2025-12-01T04:44:49.778+0000] {processor.py:186} INFO - Started process (PID=3417) to work on /opt/airflow/dags/config.py
[2025-12-01T04:44:49.779+0000] {processor.py:914} INFO - Processing file /opt/airflow/dags/config.py for tasks to queue
[2025-12-01T04:44:49.782+0000] {logging_mixin.py:190} INFO - [2025-12-01T04:44:49.781+0000] {dagbag.py:588} INFO - Filling up the DagBag from /opt/airflow/dags/config.py
[2025-12-01T04:44:49.821+0000] {processor.py:927} WARNING - No viable dags retrieved from /opt/airflow/dags/config.py
[2025-12-01T04:44:49.832+0000] {processor.py:208} INFO - Processing /opt/airflow/dags/config.py took 0.059 seconds
[2025-12-01T04:45:20.044+0000] {processor.py:186} INFO - Started process (PID=3438) to work on /opt/airflow/dags/config.py
[2025-12-01T04:45:20.044+0000] {processor.py:914} INFO - Processing file /opt/airflow/dags/config.py for tasks to queue
[2025-12-01T04:45:20.046+0000] {logging_mixin.py:190} INFO - [2025-12-01T04:45:20.046+0000] {dagbag.py:588} INFO - Filling up the DagBag from /opt/airflow/dags/config.py
[2025-12-01T04:45:20.085+0000] {processor.py:927} WARNING - No viable dags retrieved from /opt/airflow/dags/config.py
[2025-12-01T04:45:20.097+0000] {processor.py:208} INFO - Processing /opt/airflow/dags/config.py took 0.057 seconds
[2025-12-01T04:45:50.313+0000] {processor.py:186} INFO - Started process (PID=3459) to work on /opt/airflow/dags/config.py
[2025-12-01T04:45:50.314+0000] {processor.py:914} INFO - Processing file /opt/airflow/dags/config.py for tasks to queue
[2025-12-01T04:45:50.316+0000] {logging_mixin.py:190} INFO - [2025-12-01T04:45:50.316+0000] {dagbag.py:588} INFO - Filling up the DagBag from /opt/airflow/dags/config.py
[2025-12-01T04:45:50.356+0000] {processor.py:927} WARNING - No viable dags retrieved from /opt/airflow/dags/config.py
[2025-12-01T04:45:50.368+0000] {processor.py:208} INFO - Processing /opt/airflow/dags/config.py took 0.060 seconds
[2025-12-01T04:46:20.583+0000] {processor.py:186} INFO - Started process (PID=3480) to work on /opt/airflow/dags/config.py
[2025-12-01T04:46:20.583+0000] {processor.py:914} INFO - Processing file /opt/airflow/dags/config.py for tasks to queue
[2025-12-01T04:46:20.585+0000] {logging_mixin.py:190} INFO - [2025-12-01T04:46:20.585+0000] {dagbag.py:588} INFO - Filling up the DagBag from /opt/airflow/dags/config.py
[2025-12-01T04:46:20.626+0000] {processor.py:927} WARNING - No viable dags retrieved from /opt/airflow/dags/config.py
[2025-12-01T04:46:20.637+0000] {processor.py:208} INFO - Processing /opt/airflow/dags/config.py took 0.060 seconds
[2025-12-01T04:46:50.868+0000] {processor.py:186} INFO - Started process (PID=3501) to work on /opt/airflow/dags/config.py
[2025-12-01T04:46:50.870+0000] {processor.py:914} INFO - Processing file /opt/airflow/dags/config.py for tasks to queue
[2025-12-01T04:46:50.872+0000] {logging_mixin.py:190} INFO - [2025-12-01T04:46:50.872+0000] {dagbag.py:588} INFO - Filling up the DagBag from /opt/airflow/dags/config.py
[2025-12-01T04:46:50.911+0000] {processor.py:927} WARNING - No viable dags retrieved from /opt/airflow/dags/config.py
[2025-12-01T04:46:50.921+0000] {processor.py:208} INFO - Processing /opt/airflow/dags/config.py took 0.057 seconds
[2025-12-01T04:47:21.132+0000] {processor.py:186} INFO - Started process (PID=3523) to work on /opt/airflow/dags/config.py
[2025-12-01T04:47:21.132+0000] {processor.py:914} INFO - Processing file /opt/airflow/dags/config.py for tasks to queue
[2025-12-01T04:47:21.135+0000] {logging_mixin.py:190} INFO - [2025-12-01T04:47:21.134+0000] {dagbag.py:588} INFO - Filling up the DagBag from /opt/airflow/dags/config.py
[2025-12-01T04:47:21.174+0000] {processor.py:927} WARNING - No viable dags retrieved from /opt/airflow/dags/config.py
[2025-12-01T04:47:21.185+0000] {processor.py:208} INFO - Processing /opt/airflow/dags/config.py took 0.058 seconds
[2025-12-01T04:47:51.398+0000] {processor.py:186} INFO - Started process (PID=3544) to work on /opt/airflow/dags/config.py
[2025-12-01T04:47:51.399+0000] {processor.py:914} INFO - Processing file /opt/airflow/dags/config.py for tasks to queue
[2025-12-01T04:47:51.401+0000] {logging_mixin.py:190} INFO - [2025-12-01T04:47:51.401+0000] {dagbag.py:588} INFO - Filling up the DagBag from /opt/airflow/dags/config.py
[2025-12-01T04:47:51.441+0000] {processor.py:927} WARNING - No viable dags retrieved from /opt/airflow/dags/config.py
[2025-12-01T04:47:51.450+0000] {processor.py:208} INFO - Processing /opt/airflow/dags/config.py took 0.057 seconds
[2025-12-01T04:48:21.641+0000] {processor.py:186} INFO - Started process (PID=3565) to work on /opt/airflow/dags/config.py
[2025-12-01T04:48:21.642+0000] {processor.py:914} INFO - Processing file /opt/airflow/dags/config.py for tasks to queue
[2025-12-01T04:48:21.644+0000] {logging_mixin.py:190} INFO - [2025-12-01T04:48:21.644+0000] {dagbag.py:588} INFO - Filling up the DagBag from /opt/airflow/dags/config.py
[2025-12-01T04:48:21.683+0000] {processor.py:927} WARNING - No viable dags retrieved from /opt/airflow/dags/config.py
[2025-12-01T04:48:21.696+0000] {processor.py:208} INFO - Processing /opt/airflow/dags/config.py took 0.059 seconds
[2025-12-01T04:48:51.924+0000] {processor.py:186} INFO - Started process (PID=3593) to work on /opt/airflow/dags/config.py
[2025-12-01T04:48:51.925+0000] {processor.py:914} INFO - Processing file /opt/airflow/dags/config.py for tasks to queue
[2025-12-01T04:48:51.927+0000] {logging_mixin.py:190} INFO - [2025-12-01T04:48:51.927+0000] {dagbag.py:588} INFO - Filling up the DagBag from /opt/airflow/dags/config.py
[2025-12-01T04:48:51.966+0000] {processor.py:927} WARNING - No viable dags retrieved from /opt/airflow/dags/config.py
[2025-12-01T04:48:51.978+0000] {processor.py:208} INFO - Processing /opt/airflow/dags/config.py took 0.058 seconds
[2025-12-01T04:49:22.157+0000] {processor.py:186} INFO - Started process (PID=3615) to work on /opt/airflow/dags/config.py
[2025-12-01T04:49:22.157+0000] {processor.py:914} INFO - Processing file /opt/airflow/dags/config.py for tasks to queue
[2025-12-01T04:49:22.160+0000] {logging_mixin.py:190} INFO - [2025-12-01T04:49:22.159+0000] {dagbag.py:588} INFO - Filling up the DagBag from /opt/airflow/dags/config.py
[2025-12-01T04:49:22.199+0000] {processor.py:927} WARNING - No viable dags retrieved from /opt/airflow/dags/config.py
[2025-12-01T04:49:22.209+0000] {processor.py:208} INFO - Processing /opt/airflow/dags/config.py took 0.057 seconds
[2025-12-01T04:49:52.458+0000] {processor.py:186} INFO - Started process (PID=3637) to work on /opt/airflow/dags/config.py
[2025-12-01T04:49:52.459+0000] {processor.py:914} INFO - Processing file /opt/airflow/dags/config.py for tasks to queue
[2025-12-01T04:49:52.461+0000] {logging_mixin.py:190} INFO - [2025-12-01T04:49:52.461+0000] {dagbag.py:588} INFO - Filling up the DagBag from /opt/airflow/dags/config.py
[2025-12-01T04:49:52.501+0000] {processor.py:927} WARNING - No viable dags retrieved from /opt/airflow/dags/config.py
[2025-12-01T04:49:52.513+0000] {processor.py:208} INFO - Processing /opt/airflow/dags/config.py took 0.060 seconds
[2025-12-01T04:50:22.720+0000] {processor.py:186} INFO - Started process (PID=3658) to work on /opt/airflow/dags/config.py
[2025-12-01T04:50:22.721+0000] {processor.py:914} INFO - Processing file /opt/airflow/dags/config.py for tasks to queue
[2025-12-01T04:50:22.723+0000] {logging_mixin.py:190} INFO - [2025-12-01T04:50:22.722+0000] {dagbag.py:588} INFO - Filling up the DagBag from /opt/airflow/dags/config.py
[2025-12-01T04:50:22.763+0000] {processor.py:927} WARNING - No viable dags retrieved from /opt/airflow/dags/config.py
[2025-12-01T04:50:22.774+0000] {processor.py:208} INFO - Processing /opt/airflow/dags/config.py took 0.059 seconds
[2025-12-01T04:50:53.004+0000] {processor.py:186} INFO - Started process (PID=3681) to work on /opt/airflow/dags/config.py
[2025-12-01T04:50:53.006+0000] {processor.py:914} INFO - Processing file /opt/airflow/dags/config.py for tasks to queue
[2025-12-01T04:50:53.007+0000] {logging_mixin.py:190} INFO - [2025-12-01T04:50:53.007+0000] {dagbag.py:588} INFO - Filling up the DagBag from /opt/airflow/dags/config.py
[2025-12-01T04:50:53.048+0000] {processor.py:927} WARNING - No viable dags retrieved from /opt/airflow/dags/config.py
[2025-12-01T04:50:53.058+0000] {processor.py:208} INFO - Processing /opt/airflow/dags/config.py took 0.058 seconds
[2025-12-01T04:51:23.259+0000] {processor.py:186} INFO - Started process (PID=3702) to work on /opt/airflow/dags/config.py
[2025-12-01T04:51:23.259+0000] {processor.py:914} INFO - Processing file /opt/airflow/dags/config.py for tasks to queue
[2025-12-01T04:51:23.261+0000] {logging_mixin.py:190} INFO - [2025-12-01T04:51:23.261+0000] {dagbag.py:588} INFO - Filling up the DagBag from /opt/airflow/dags/config.py
[2025-12-01T04:51:23.301+0000] {processor.py:927} WARNING - No viable dags retrieved from /opt/airflow/dags/config.py
[2025-12-01T04:51:23.311+0000] {processor.py:208} INFO - Processing /opt/airflow/dags/config.py took 0.057 seconds
[2025-12-01T04:51:53.527+0000] {processor.py:186} INFO - Started process (PID=3724) to work on /opt/airflow/dags/config.py
[2025-12-01T04:51:53.528+0000] {processor.py:914} INFO - Processing file /opt/airflow/dags/config.py for tasks to queue
[2025-12-01T04:51:53.530+0000] {logging_mixin.py:190} INFO - [2025-12-01T04:51:53.530+0000] {dagbag.py:588} INFO - Filling up the DagBag from /opt/airflow/dags/config.py
[2025-12-01T04:51:53.570+0000] {processor.py:927} WARNING - No viable dags retrieved from /opt/airflow/dags/config.py
[2025-12-01T04:51:53.580+0000] {processor.py:208} INFO - Processing /opt/airflow/dags/config.py took 0.057 seconds
[2025-12-01T04:52:23.767+0000] {processor.py:186} INFO - Started process (PID=3745) to work on /opt/airflow/dags/config.py
[2025-12-01T04:52:23.767+0000] {processor.py:914} INFO - Processing file /opt/airflow/dags/config.py for tasks to queue
[2025-12-01T04:52:23.770+0000] {logging_mixin.py:190} INFO - [2025-12-01T04:52:23.770+0000] {dagbag.py:588} INFO - Filling up the DagBag from /opt/airflow/dags/config.py
[2025-12-01T04:52:23.810+0000] {processor.py:927} WARNING - No viable dags retrieved from /opt/airflow/dags/config.py
[2025-12-01T04:52:23.823+0000] {processor.py:208} INFO - Processing /opt/airflow/dags/config.py took 0.061 seconds
[2025-12-01T04:52:54.058+0000] {processor.py:186} INFO - Started process (PID=3766) to work on /opt/airflow/dags/config.py
[2025-12-01T04:52:54.060+0000] {processor.py:914} INFO - Processing file /opt/airflow/dags/config.py for tasks to queue
[2025-12-01T04:52:54.061+0000] {logging_mixin.py:190} INFO - [2025-12-01T04:52:54.061+0000] {dagbag.py:588} INFO - Filling up the DagBag from /opt/airflow/dags/config.py
[2025-12-01T04:52:54.102+0000] {processor.py:927} WARNING - No viable dags retrieved from /opt/airflow/dags/config.py
[2025-12-01T04:52:54.112+0000] {processor.py:208} INFO - Processing /opt/airflow/dags/config.py took 0.059 seconds
[2025-12-01T04:53:24.318+0000] {processor.py:186} INFO - Started process (PID=3787) to work on /opt/airflow/dags/config.py
[2025-12-01T04:53:24.319+0000] {processor.py:914} INFO - Processing file /opt/airflow/dags/config.py for tasks to queue
[2025-12-01T04:53:24.320+0000] {logging_mixin.py:190} INFO - [2025-12-01T04:53:24.320+0000] {dagbag.py:588} INFO - Filling up the DagBag from /opt/airflow/dags/config.py
[2025-12-01T04:53:24.360+0000] {processor.py:927} WARNING - No viable dags retrieved from /opt/airflow/dags/config.py
[2025-12-01T04:53:24.370+0000] {processor.py:208} INFO - Processing /opt/airflow/dags/config.py took 0.057 seconds
[2025-12-01T04:53:54.597+0000] {processor.py:186} INFO - Started process (PID=3809) to work on /opt/airflow/dags/config.py
[2025-12-01T04:53:54.598+0000] {processor.py:914} INFO - Processing file /opt/airflow/dags/config.py for tasks to queue
[2025-12-01T04:53:54.600+0000] {logging_mixin.py:190} INFO - [2025-12-01T04:53:54.600+0000] {dagbag.py:588} INFO - Filling up the DagBag from /opt/airflow/dags/config.py
[2025-12-01T04:53:54.640+0000] {processor.py:927} WARNING - No viable dags retrieved from /opt/airflow/dags/config.py
[2025-12-01T04:53:54.651+0000] {processor.py:208} INFO - Processing /opt/airflow/dags/config.py took 0.059 seconds
[2025-12-01T04:54:24.852+0000] {processor.py:186} INFO - Started process (PID=3831) to work on /opt/airflow/dags/config.py
[2025-12-01T04:54:24.852+0000] {processor.py:914} INFO - Processing file /opt/airflow/dags/config.py for tasks to queue
[2025-12-01T04:54:24.855+0000] {logging_mixin.py:190} INFO - [2025-12-01T04:54:24.854+0000] {dagbag.py:588} INFO - Filling up the DagBag from /opt/airflow/dags/config.py
[2025-12-01T04:54:24.895+0000] {processor.py:927} WARNING - No viable dags retrieved from /opt/airflow/dags/config.py
[2025-12-01T04:54:24.904+0000] {processor.py:208} INFO - Processing /opt/airflow/dags/config.py took 0.057 seconds
[2025-12-01T04:54:55.122+0000] {processor.py:186} INFO - Started process (PID=3852) to work on /opt/airflow/dags/config.py
[2025-12-01T04:54:55.123+0000] {processor.py:914} INFO - Processing file /opt/airflow/dags/config.py for tasks to queue
[2025-12-01T04:54:55.125+0000] {logging_mixin.py:190} INFO - [2025-12-01T04:54:55.125+0000] {dagbag.py:588} INFO - Filling up the DagBag from /opt/airflow/dags/config.py
[2025-12-01T04:54:55.165+0000] {processor.py:927} WARNING - No viable dags retrieved from /opt/airflow/dags/config.py
[2025-12-01T04:54:55.177+0000] {processor.py:208} INFO - Processing /opt/airflow/dags/config.py took 0.059 seconds
[2025-12-01T04:55:25.378+0000] {processor.py:186} INFO - Started process (PID=3875) to work on /opt/airflow/dags/config.py
[2025-12-01T04:55:25.379+0000] {processor.py:914} INFO - Processing file /opt/airflow/dags/config.py for tasks to queue
[2025-12-01T04:55:25.381+0000] {logging_mixin.py:190} INFO - [2025-12-01T04:55:25.380+0000] {dagbag.py:588} INFO - Filling up the DagBag from /opt/airflow/dags/config.py
[2025-12-01T04:55:25.421+0000] {processor.py:927} WARNING - No viable dags retrieved from /opt/airflow/dags/config.py
[2025-12-01T04:55:25.430+0000] {processor.py:208} INFO - Processing /opt/airflow/dags/config.py took 0.056 seconds
[2025-12-01T04:55:55.665+0000] {processor.py:186} INFO - Started process (PID=3897) to work on /opt/airflow/dags/config.py
[2025-12-01T04:55:55.666+0000] {processor.py:914} INFO - Processing file /opt/airflow/dags/config.py for tasks to queue
[2025-12-01T04:55:55.668+0000] {logging_mixin.py:190} INFO - [2025-12-01T04:55:55.668+0000] {dagbag.py:588} INFO - Filling up the DagBag from /opt/airflow/dags/config.py
[2025-12-01T04:55:55.707+0000] {processor.py:927} WARNING - No viable dags retrieved from /opt/airflow/dags/config.py
[2025-12-01T04:55:55.717+0000] {processor.py:208} INFO - Processing /opt/airflow/dags/config.py took 0.057 seconds
[2025-12-01T04:56:25.928+0000] {processor.py:186} INFO - Started process (PID=3919) to work on /opt/airflow/dags/config.py
[2025-12-01T04:56:25.928+0000] {processor.py:914} INFO - Processing file /opt/airflow/dags/config.py for tasks to queue
[2025-12-01T04:56:25.930+0000] {logging_mixin.py:190} INFO - [2025-12-01T04:56:25.930+0000] {dagbag.py:588} INFO - Filling up the DagBag from /opt/airflow/dags/config.py
[2025-12-01T04:56:25.970+0000] {processor.py:927} WARNING - No viable dags retrieved from /opt/airflow/dags/config.py
[2025-12-01T04:56:25.981+0000] {processor.py:208} INFO - Processing /opt/airflow/dags/config.py took 0.058 seconds
[2025-12-01T04:56:56.177+0000] {processor.py:186} INFO - Started process (PID=3940) to work on /opt/airflow/dags/config.py
[2025-12-01T04:56:56.178+0000] {processor.py:914} INFO - Processing file /opt/airflow/dags/config.py for tasks to queue
[2025-12-01T04:56:56.180+0000] {logging_mixin.py:190} INFO - [2025-12-01T04:56:56.180+0000] {dagbag.py:588} INFO - Filling up the DagBag from /opt/airflow/dags/config.py
[2025-12-01T04:56:56.220+0000] {processor.py:927} WARNING - No viable dags retrieved from /opt/airflow/dags/config.py
[2025-12-01T04:56:56.232+0000] {processor.py:208} INFO - Processing /opt/airflow/dags/config.py took 0.060 seconds
[2025-12-01T04:57:26.446+0000] {processor.py:186} INFO - Started process (PID=3961) to work on /opt/airflow/dags/config.py
[2025-12-01T04:57:26.446+0000] {processor.py:914} INFO - Processing file /opt/airflow/dags/config.py for tasks to queue
[2025-12-01T04:57:26.449+0000] {logging_mixin.py:190} INFO - [2025-12-01T04:57:26.449+0000] {dagbag.py:588} INFO - Filling up the DagBag from /opt/airflow/dags/config.py
[2025-12-01T04:57:26.489+0000] {processor.py:927} WARNING - No viable dags retrieved from /opt/airflow/dags/config.py
[2025-12-01T04:57:26.498+0000] {processor.py:208} INFO - Processing /opt/airflow/dags/config.py took 0.057 seconds
[2025-12-01T04:57:56.697+0000] {processor.py:186} INFO - Started process (PID=3982) to work on /opt/airflow/dags/config.py
[2025-12-01T04:57:56.698+0000] {processor.py:914} INFO - Processing file /opt/airflow/dags/config.py for tasks to queue
[2025-12-01T04:57:56.700+0000] {logging_mixin.py:190} INFO - [2025-12-01T04:57:56.700+0000] {dagbag.py:588} INFO - Filling up the DagBag from /opt/airflow/dags/config.py
[2025-12-01T04:57:56.739+0000] {processor.py:927} WARNING - No viable dags retrieved from /opt/airflow/dags/config.py
[2025-12-01T04:57:56.749+0000] {processor.py:208} INFO - Processing /opt/airflow/dags/config.py took 0.056 seconds
[2025-12-01T04:58:26.981+0000] {processor.py:186} INFO - Started process (PID=4003) to work on /opt/airflow/dags/config.py
[2025-12-01T04:58:26.982+0000] {processor.py:914} INFO - Processing file /opt/airflow/dags/config.py for tasks to queue
[2025-12-01T04:58:26.984+0000] {logging_mixin.py:190} INFO - [2025-12-01T04:58:26.983+0000] {dagbag.py:588} INFO - Filling up the DagBag from /opt/airflow/dags/config.py
[2025-12-01T04:58:27.024+0000] {processor.py:927} WARNING - No viable dags retrieved from /opt/airflow/dags/config.py
[2025-12-01T04:58:27.034+0000] {processor.py:208} INFO - Processing /opt/airflow/dags/config.py took 0.058 seconds
[2025-12-01T04:58:57.239+0000] {processor.py:186} INFO - Started process (PID=4025) to work on /opt/airflow/dags/config.py
[2025-12-01T04:58:57.240+0000] {processor.py:914} INFO - Processing file /opt/airflow/dags/config.py for tasks to queue
[2025-12-01T04:58:57.242+0000] {logging_mixin.py:190} INFO - [2025-12-01T04:58:57.242+0000] {dagbag.py:588} INFO - Filling up the DagBag from /opt/airflow/dags/config.py
[2025-12-01T04:58:57.281+0000] {processor.py:927} WARNING - No viable dags retrieved from /opt/airflow/dags/config.py
[2025-12-01T04:58:57.291+0000] {processor.py:208} INFO - Processing /opt/airflow/dags/config.py took 0.057 seconds
[2025-12-01T04:59:27.515+0000] {processor.py:186} INFO - Started process (PID=4046) to work on /opt/airflow/dags/config.py
[2025-12-01T04:59:27.516+0000] {processor.py:914} INFO - Processing file /opt/airflow/dags/config.py for tasks to queue
[2025-12-01T04:59:27.518+0000] {logging_mixin.py:190} INFO - [2025-12-01T04:59:27.518+0000] {dagbag.py:588} INFO - Filling up the DagBag from /opt/airflow/dags/config.py
[2025-12-01T04:59:27.557+0000] {processor.py:927} WARNING - No viable dags retrieved from /opt/airflow/dags/config.py
[2025-12-01T04:59:27.568+0000] {processor.py:208} INFO - Processing /opt/airflow/dags/config.py took 0.058 seconds
[2025-12-01T04:59:57.780+0000] {processor.py:186} INFO - Started process (PID=4068) to work on /opt/airflow/dags/config.py
[2025-12-01T04:59:57.781+0000] {processor.py:914} INFO - Processing file /opt/airflow/dags/config.py for tasks to queue
[2025-12-01T04:59:57.784+0000] {logging_mixin.py:190} INFO - [2025-12-01T04:59:57.783+0000] {dagbag.py:588} INFO - Filling up the DagBag from /opt/airflow/dags/config.py
[2025-12-01T04:59:57.823+0000] {processor.py:927} WARNING - No viable dags retrieved from /opt/airflow/dags/config.py
[2025-12-01T04:59:57.834+0000] {processor.py:208} INFO - Processing /opt/airflow/dags/config.py took 0.058 seconds
[2025-12-01T05:00:28.047+0000] {processor.py:186} INFO - Started process (PID=4090) to work on /opt/airflow/dags/config.py
[2025-12-01T05:00:28.048+0000] {processor.py:914} INFO - Processing file /opt/airflow/dags/config.py for tasks to queue
[2025-12-01T05:00:28.049+0000] {logging_mixin.py:190} INFO - [2025-12-01T05:00:28.049+0000] {dagbag.py:588} INFO - Filling up the DagBag from /opt/airflow/dags/config.py
[2025-12-01T05:00:28.090+0000] {processor.py:927} WARNING - No viable dags retrieved from /opt/airflow/dags/config.py
[2025-12-01T05:00:28.099+0000] {processor.py:208} INFO - Processing /opt/airflow/dags/config.py took 0.056 seconds
[2025-12-01T05:00:58.316+0000] {processor.py:186} INFO - Started process (PID=4112) to work on /opt/airflow/dags/config.py
[2025-12-01T05:00:58.318+0000] {processor.py:914} INFO - Processing file /opt/airflow/dags/config.py for tasks to queue
[2025-12-01T05:00:58.319+0000] {logging_mixin.py:190} INFO - [2025-12-01T05:00:58.319+0000] {dagbag.py:588} INFO - Filling up the DagBag from /opt/airflow/dags/config.py
[2025-12-01T05:00:58.359+0000] {processor.py:927} WARNING - No viable dags retrieved from /opt/airflow/dags/config.py
[2025-12-01T05:00:58.368+0000] {processor.py:208} INFO - Processing /opt/airflow/dags/config.py took 0.056 seconds
[2025-12-01T05:01:28.549+0000] {processor.py:186} INFO - Started process (PID=4134) to work on /opt/airflow/dags/config.py
[2025-12-01T05:01:28.550+0000] {processor.py:914} INFO - Processing file /opt/airflow/dags/config.py for tasks to queue
[2025-12-01T05:01:28.551+0000] {logging_mixin.py:190} INFO - [2025-12-01T05:01:28.551+0000] {dagbag.py:588} INFO - Filling up the DagBag from /opt/airflow/dags/config.py
[2025-12-01T05:01:28.591+0000] {processor.py:927} WARNING - No viable dags retrieved from /opt/airflow/dags/config.py
[2025-12-01T05:01:28.601+0000] {processor.py:208} INFO - Processing /opt/airflow/dags/config.py took 0.056 seconds
[2025-12-01T05:01:58.827+0000] {processor.py:186} INFO - Started process (PID=4155) to work on /opt/airflow/dags/config.py
[2025-12-01T05:01:58.828+0000] {processor.py:914} INFO - Processing file /opt/airflow/dags/config.py for tasks to queue
[2025-12-01T05:01:58.831+0000] {logging_mixin.py:190} INFO - [2025-12-01T05:01:58.830+0000] {dagbag.py:588} INFO - Filling up the DagBag from /opt/airflow/dags/config.py
[2025-12-01T05:01:58.870+0000] {processor.py:927} WARNING - No viable dags retrieved from /opt/airflow/dags/config.py
[2025-12-01T05:01:58.881+0000] {processor.py:208} INFO - Processing /opt/airflow/dags/config.py took 0.059 seconds
[2025-12-01T05:02:29.079+0000] {processor.py:186} INFO - Started process (PID=4176) to work on /opt/airflow/dags/config.py
[2025-12-01T05:02:29.079+0000] {processor.py:914} INFO - Processing file /opt/airflow/dags/config.py for tasks to queue
[2025-12-01T05:02:29.081+0000] {logging_mixin.py:190} INFO - [2025-12-01T05:02:29.081+0000] {dagbag.py:588} INFO - Filling up the DagBag from /opt/airflow/dags/config.py
[2025-12-01T05:02:29.121+0000] {processor.py:927} WARNING - No viable dags retrieved from /opt/airflow/dags/config.py
[2025-12-01T05:02:29.132+0000] {processor.py:208} INFO - Processing /opt/airflow/dags/config.py took 0.058 seconds
[2025-12-01T05:02:59.364+0000] {processor.py:186} INFO - Started process (PID=4197) to work on /opt/airflow/dags/config.py
[2025-12-01T05:02:59.366+0000] {processor.py:914} INFO - Processing file /opt/airflow/dags/config.py for tasks to queue
[2025-12-01T05:02:59.367+0000] {logging_mixin.py:190} INFO - [2025-12-01T05:02:59.367+0000] {dagbag.py:588} INFO - Filling up the DagBag from /opt/airflow/dags/config.py
[2025-12-01T05:02:59.408+0000] {processor.py:927} WARNING - No viable dags retrieved from /opt/airflow/dags/config.py
[2025-12-01T05:02:59.418+0000] {processor.py:208} INFO - Processing /opt/airflow/dags/config.py took 0.058 seconds
[2025-12-01T05:03:29.616+0000] {processor.py:186} INFO - Started process (PID=4219) to work on /opt/airflow/dags/config.py
[2025-12-01T05:03:29.617+0000] {processor.py:914} INFO - Processing file /opt/airflow/dags/config.py for tasks to queue
[2025-12-01T05:03:29.618+0000] {logging_mixin.py:190} INFO - [2025-12-01T05:03:29.618+0000] {dagbag.py:588} INFO - Filling up the DagBag from /opt/airflow/dags/config.py
[2025-12-01T05:03:29.659+0000] {processor.py:927} WARNING - No viable dags retrieved from /opt/airflow/dags/config.py
[2025-12-01T05:03:29.668+0000] {processor.py:208} INFO - Processing /opt/airflow/dags/config.py took 0.057 seconds
[2025-12-01T05:03:59.892+0000] {processor.py:186} INFO - Started process (PID=4240) to work on /opt/airflow/dags/config.py
[2025-12-01T05:03:59.894+0000] {processor.py:914} INFO - Processing file /opt/airflow/dags/config.py for tasks to queue
[2025-12-01T05:03:59.895+0000] {logging_mixin.py:190} INFO - [2025-12-01T05:03:59.895+0000] {dagbag.py:588} INFO - Filling up the DagBag from /opt/airflow/dags/config.py
[2025-12-01T05:03:59.935+0000] {processor.py:927} WARNING - No viable dags retrieved from /opt/airflow/dags/config.py
[2025-12-01T05:03:59.946+0000] {processor.py:208} INFO - Processing /opt/airflow/dags/config.py took 0.058 seconds
[2025-12-01T05:04:30.130+0000] {processor.py:186} INFO - Started process (PID=4262) to work on /opt/airflow/dags/config.py
[2025-12-01T05:04:30.131+0000] {processor.py:914} INFO - Processing file /opt/airflow/dags/config.py for tasks to queue
[2025-12-01T05:04:30.133+0000] {logging_mixin.py:190} INFO - [2025-12-01T05:04:30.132+0000] {dagbag.py:588} INFO - Filling up the DagBag from /opt/airflow/dags/config.py
[2025-12-01T05:04:30.172+0000] {processor.py:927} WARNING - No viable dags retrieved from /opt/airflow/dags/config.py
[2025-12-01T05:04:30.182+0000] {processor.py:208} INFO - Processing /opt/airflow/dags/config.py took 0.056 seconds
[2025-12-01T05:05:00.430+0000] {processor.py:186} INFO - Started process (PID=4283) to work on /opt/airflow/dags/config.py
[2025-12-01T05:05:00.431+0000] {processor.py:914} INFO - Processing file /opt/airflow/dags/config.py for tasks to queue
[2025-12-01T05:05:00.434+0000] {logging_mixin.py:190} INFO - [2025-12-01T05:05:00.433+0000] {dagbag.py:588} INFO - Filling up the DagBag from /opt/airflow/dags/config.py
[2025-12-01T05:05:00.473+0000] {processor.py:927} WARNING - No viable dags retrieved from /opt/airflow/dags/config.py
[2025-12-01T05:05:00.482+0000] {processor.py:208} INFO - Processing /opt/airflow/dags/config.py took 0.057 seconds
[2025-12-01T05:05:30.681+0000] {processor.py:186} INFO - Started process (PID=4305) to work on /opt/airflow/dags/config.py
[2025-12-01T05:05:30.682+0000] {processor.py:914} INFO - Processing file /opt/airflow/dags/config.py for tasks to queue
[2025-12-01T05:05:30.683+0000] {logging_mixin.py:190} INFO - [2025-12-01T05:05:30.683+0000] {dagbag.py:588} INFO - Filling up the DagBag from /opt/airflow/dags/config.py
[2025-12-01T05:05:30.724+0000] {processor.py:927} WARNING - No viable dags retrieved from /opt/airflow/dags/config.py
[2025-12-01T05:05:30.734+0000] {processor.py:208} INFO - Processing /opt/airflow/dags/config.py took 0.058 seconds
[2025-12-01T05:06:00.965+0000] {processor.py:186} INFO - Started process (PID=4326) to work on /opt/airflow/dags/config.py
[2025-12-01T05:06:00.966+0000] {processor.py:914} INFO - Processing file /opt/airflow/dags/config.py for tasks to queue
[2025-12-01T05:06:00.968+0000] {logging_mixin.py:190} INFO - [2025-12-01T05:06:00.968+0000] {dagbag.py:588} INFO - Filling up the DagBag from /opt/airflow/dags/config.py
[2025-12-01T05:06:01.007+0000] {processor.py:927} WARNING - No viable dags retrieved from /opt/airflow/dags/config.py
[2025-12-01T05:06:01.019+0000] {processor.py:208} INFO - Processing /opt/airflow/dags/config.py took 0.059 seconds
[2025-12-01T05:06:31.209+0000] {processor.py:186} INFO - Started process (PID=4347) to work on /opt/airflow/dags/config.py
[2025-12-01T05:06:31.210+0000] {processor.py:914} INFO - Processing file /opt/airflow/dags/config.py for tasks to queue
[2025-12-01T05:06:31.212+0000] {logging_mixin.py:190} INFO - [2025-12-01T05:06:31.211+0000] {dagbag.py:588} INFO - Filling up the DagBag from /opt/airflow/dags/config.py
[2025-12-01T05:06:31.251+0000] {processor.py:927} WARNING - No viable dags retrieved from /opt/airflow/dags/config.py
[2025-12-01T05:06:31.263+0000] {processor.py:208} INFO - Processing /opt/airflow/dags/config.py took 0.058 seconds
[2025-12-01T05:07:01.501+0000] {processor.py:186} INFO - Started process (PID=4368) to work on /opt/airflow/dags/config.py
[2025-12-01T05:07:01.502+0000] {processor.py:914} INFO - Processing file /opt/airflow/dags/config.py for tasks to queue
[2025-12-01T05:07:01.504+0000] {logging_mixin.py:190} INFO - [2025-12-01T05:07:01.503+0000] {dagbag.py:588} INFO - Filling up the DagBag from /opt/airflow/dags/config.py
[2025-12-01T05:07:01.544+0000] {processor.py:927} WARNING - No viable dags retrieved from /opt/airflow/dags/config.py
[2025-12-01T05:07:01.553+0000] {processor.py:208} INFO - Processing /opt/airflow/dags/config.py took 0.057 seconds
[2025-12-01T05:07:31.761+0000] {processor.py:186} INFO - Started process (PID=4389) to work on /opt/airflow/dags/config.py
[2025-12-01T05:07:31.762+0000] {processor.py:914} INFO - Processing file /opt/airflow/dags/config.py for tasks to queue
[2025-12-01T05:07:31.764+0000] {logging_mixin.py:190} INFO - [2025-12-01T05:07:31.764+0000] {dagbag.py:588} INFO - Filling up the DagBag from /opt/airflow/dags/config.py
[2025-12-01T05:07:31.803+0000] {processor.py:927} WARNING - No viable dags retrieved from /opt/airflow/dags/config.py
[2025-12-01T05:07:31.813+0000] {processor.py:208} INFO - Processing /opt/airflow/dags/config.py took 0.056 seconds
[2025-12-01T05:08:02.034+0000] {processor.py:186} INFO - Started process (PID=4410) to work on /opt/airflow/dags/config.py
[2025-12-01T05:08:02.035+0000] {processor.py:914} INFO - Processing file /opt/airflow/dags/config.py for tasks to queue
[2025-12-01T05:08:02.038+0000] {logging_mixin.py:190} INFO - [2025-12-01T05:08:02.038+0000] {dagbag.py:588} INFO - Filling up the DagBag from /opt/airflow/dags/config.py
[2025-12-01T05:08:02.078+0000] {processor.py:927} WARNING - No viable dags retrieved from /opt/airflow/dags/config.py
[2025-12-01T05:08:02.089+0000] {processor.py:208} INFO - Processing /opt/airflow/dags/config.py took 0.060 seconds
[2025-12-01T05:08:32.296+0000] {processor.py:186} INFO - Started process (PID=4431) to work on /opt/airflow/dags/config.py
[2025-12-01T05:08:32.296+0000] {processor.py:914} INFO - Processing file /opt/airflow/dags/config.py for tasks to queue
[2025-12-01T05:08:32.298+0000] {logging_mixin.py:190} INFO - [2025-12-01T05:08:32.298+0000] {dagbag.py:588} INFO - Filling up the DagBag from /opt/airflow/dags/config.py
[2025-12-01T05:08:32.338+0000] {processor.py:927} WARNING - No viable dags retrieved from /opt/airflow/dags/config.py
[2025-12-01T05:08:32.348+0000] {processor.py:208} INFO - Processing /opt/airflow/dags/config.py took 0.057 seconds
[2025-12-01T05:09:02.563+0000] {processor.py:186} INFO - Started process (PID=4452) to work on /opt/airflow/dags/config.py
[2025-12-01T05:09:02.564+0000] {processor.py:914} INFO - Processing file /opt/airflow/dags/config.py for tasks to queue
[2025-12-01T05:09:02.566+0000] {logging_mixin.py:190} INFO - [2025-12-01T05:09:02.565+0000] {dagbag.py:588} INFO - Filling up the DagBag from /opt/airflow/dags/config.py
[2025-12-01T05:09:02.605+0000] {processor.py:927} WARNING - No viable dags retrieved from /opt/airflow/dags/config.py
[2025-12-01T05:09:02.616+0000] {processor.py:208} INFO - Processing /opt/airflow/dags/config.py took 0.058 seconds
[2025-12-01T05:09:32.805+0000] {processor.py:186} INFO - Started process (PID=4474) to work on /opt/airflow/dags/config.py
[2025-12-01T05:09:32.805+0000] {processor.py:914} INFO - Processing file /opt/airflow/dags/config.py for tasks to queue
[2025-12-01T05:09:32.807+0000] {logging_mixin.py:190} INFO - [2025-12-01T05:09:32.807+0000] {dagbag.py:588} INFO - Filling up the DagBag from /opt/airflow/dags/config.py
[2025-12-01T05:09:32.846+0000] {processor.py:927} WARNING - No viable dags retrieved from /opt/airflow/dags/config.py
[2025-12-01T05:09:32.856+0000] {processor.py:208} INFO - Processing /opt/airflow/dags/config.py took 0.056 seconds
[2025-12-01T05:10:03.095+0000] {processor.py:186} INFO - Started process (PID=4495) to work on /opt/airflow/dags/config.py
[2025-12-01T05:10:03.096+0000] {processor.py:914} INFO - Processing file /opt/airflow/dags/config.py for tasks to queue
[2025-12-01T05:10:03.099+0000] {logging_mixin.py:190} INFO - [2025-12-01T05:10:03.098+0000] {dagbag.py:588} INFO - Filling up the DagBag from /opt/airflow/dags/config.py
[2025-12-01T05:10:03.138+0000] {processor.py:927} WARNING - No viable dags retrieved from /opt/airflow/dags/config.py
[2025-12-01T05:10:03.149+0000] {processor.py:208} INFO - Processing /opt/airflow/dags/config.py took 0.058 seconds
[2025-12-01T05:10:33.336+0000] {processor.py:186} INFO - Started process (PID=4517) to work on /opt/airflow/dags/config.py
[2025-12-01T05:10:33.337+0000] {processor.py:914} INFO - Processing file /opt/airflow/dags/config.py for tasks to queue
[2025-12-01T05:10:33.339+0000] {logging_mixin.py:190} INFO - [2025-12-01T05:10:33.339+0000] {dagbag.py:588} INFO - Filling up the DagBag from /opt/airflow/dags/config.py
[2025-12-01T05:10:33.379+0000] {processor.py:927} WARNING - No viable dags retrieved from /opt/airflow/dags/config.py
[2025-12-01T05:10:33.389+0000] {processor.py:208} INFO - Processing /opt/airflow/dags/config.py took 0.057 seconds
[2025-12-01T05:11:03.633+0000] {processor.py:186} INFO - Started process (PID=4539) to work on /opt/airflow/dags/config.py
[2025-12-01T05:11:03.634+0000] {processor.py:914} INFO - Processing file /opt/airflow/dags/config.py for tasks to queue
[2025-12-01T05:11:03.636+0000] {logging_mixin.py:190} INFO - [2025-12-01T05:11:03.636+0000] {dagbag.py:588} INFO - Filling up the DagBag from /opt/airflow/dags/config.py
[2025-12-01T05:11:03.676+0000] {processor.py:927} WARNING - No viable dags retrieved from /opt/airflow/dags/config.py
[2025-12-01T05:11:03.688+0000] {processor.py:208} INFO - Processing /opt/airflow/dags/config.py took 0.060 seconds
[2025-12-01T05:11:33.884+0000] {processor.py:186} INFO - Started process (PID=4560) to work on /opt/airflow/dags/config.py
[2025-12-01T05:11:33.884+0000] {processor.py:914} INFO - Processing file /opt/airflow/dags/config.py for tasks to queue
[2025-12-01T05:11:33.886+0000] {logging_mixin.py:190} INFO - [2025-12-01T05:11:33.886+0000] {dagbag.py:588} INFO - Filling up the DagBag from /opt/airflow/dags/config.py
[2025-12-01T05:11:33.926+0000] {processor.py:927} WARNING - No viable dags retrieved from /opt/airflow/dags/config.py
[2025-12-01T05:11:33.938+0000] {processor.py:208} INFO - Processing /opt/airflow/dags/config.py took 0.059 seconds
[2025-12-01T05:12:04.149+0000] {processor.py:186} INFO - Started process (PID=4582) to work on /opt/airflow/dags/config.py
[2025-12-01T05:12:04.150+0000] {processor.py:914} INFO - Processing file /opt/airflow/dags/config.py for tasks to queue
[2025-12-01T05:12:04.152+0000] {logging_mixin.py:190} INFO - [2025-12-01T05:12:04.152+0000] {dagbag.py:588} INFO - Filling up the DagBag from /opt/airflow/dags/config.py
[2025-12-01T05:12:04.191+0000] {processor.py:927} WARNING - No viable dags retrieved from /opt/airflow/dags/config.py
[2025-12-01T05:12:04.204+0000] {processor.py:208} INFO - Processing /opt/airflow/dags/config.py took 0.060 seconds
[2025-12-01T05:12:34.415+0000] {processor.py:186} INFO - Started process (PID=4604) to work on /opt/airflow/dags/config.py
[2025-12-01T05:12:34.415+0000] {processor.py:914} INFO - Processing file /opt/airflow/dags/config.py for tasks to queue
[2025-12-01T05:12:34.418+0000] {logging_mixin.py:190} INFO - [2025-12-01T05:12:34.417+0000] {dagbag.py:588} INFO - Filling up the DagBag from /opt/airflow/dags/config.py
[2025-12-01T05:12:34.458+0000] {processor.py:927} WARNING - No viable dags retrieved from /opt/airflow/dags/config.py
[2025-12-01T05:12:34.469+0000] {processor.py:208} INFO - Processing /opt/airflow/dags/config.py took 0.059 seconds
[2025-12-01T05:13:04.687+0000] {processor.py:186} INFO - Started process (PID=4625) to work on /opt/airflow/dags/config.py
[2025-12-01T05:13:04.689+0000] {processor.py:914} INFO - Processing file /opt/airflow/dags/config.py for tasks to queue
[2025-12-01T05:13:04.691+0000] {logging_mixin.py:190} INFO - [2025-12-01T05:13:04.691+0000] {dagbag.py:588} INFO - Filling up the DagBag from /opt/airflow/dags/config.py
[2025-12-01T05:13:04.731+0000] {processor.py:927} WARNING - No viable dags retrieved from /opt/airflow/dags/config.py
[2025-12-01T05:13:04.741+0000] {processor.py:208} INFO - Processing /opt/airflow/dags/config.py took 0.058 seconds
[2025-12-01T05:13:34.952+0000] {processor.py:186} INFO - Started process (PID=4646) to work on /opt/airflow/dags/config.py
[2025-12-01T05:13:34.953+0000] {processor.py:914} INFO - Processing file /opt/airflow/dags/config.py for tasks to queue
[2025-12-01T05:13:34.954+0000] {logging_mixin.py:190} INFO - [2025-12-01T05:13:34.954+0000] {dagbag.py:588} INFO - Filling up the DagBag from /opt/airflow/dags/config.py
[2025-12-01T05:13:34.994+0000] {processor.py:927} WARNING - No viable dags retrieved from /opt/airflow/dags/config.py
[2025-12-01T05:13:35.005+0000] {processor.py:208} INFO - Processing /opt/airflow/dags/config.py took 0.058 seconds
[2025-12-01T05:14:05.231+0000] {processor.py:186} INFO - Started process (PID=4667) to work on /opt/airflow/dags/config.py
[2025-12-01T05:14:05.232+0000] {processor.py:914} INFO - Processing file /opt/airflow/dags/config.py for tasks to queue
[2025-12-01T05:14:05.234+0000] {logging_mixin.py:190} INFO - [2025-12-01T05:14:05.234+0000] {dagbag.py:588} INFO - Filling up the DagBag from /opt/airflow/dags/config.py
[2025-12-01T05:14:05.275+0000] {processor.py:927} WARNING - No viable dags retrieved from /opt/airflow/dags/config.py
[2025-12-01T05:14:05.286+0000] {processor.py:208} INFO - Processing /opt/airflow/dags/config.py took 0.060 seconds
[2025-12-01T05:14:35.496+0000] {processor.py:186} INFO - Started process (PID=4689) to work on /opt/airflow/dags/config.py
[2025-12-01T05:14:35.497+0000] {processor.py:914} INFO - Processing file /opt/airflow/dags/config.py for tasks to queue
[2025-12-01T05:14:35.499+0000] {logging_mixin.py:190} INFO - [2025-12-01T05:14:35.498+0000] {dagbag.py:588} INFO - Filling up the DagBag from /opt/airflow/dags/config.py
[2025-12-01T05:14:35.538+0000] {processor.py:927} WARNING - No viable dags retrieved from /opt/airflow/dags/config.py
[2025-12-01T05:14:35.549+0000] {processor.py:208} INFO - Processing /opt/airflow/dags/config.py took 0.058 seconds
[2025-12-01T05:15:05.773+0000] {processor.py:186} INFO - Started process (PID=4710) to work on /opt/airflow/dags/config.py
[2025-12-01T05:15:05.774+0000] {processor.py:914} INFO - Processing file /opt/airflow/dags/config.py for tasks to queue
[2025-12-01T05:15:05.776+0000] {logging_mixin.py:190} INFO - [2025-12-01T05:15:05.776+0000] {dagbag.py:588} INFO - Filling up the DagBag from /opt/airflow/dags/config.py
[2025-12-01T05:15:05.815+0000] {processor.py:927} WARNING - No viable dags retrieved from /opt/airflow/dags/config.py
[2025-12-01T05:15:05.825+0000] {processor.py:208} INFO - Processing /opt/airflow/dags/config.py took 0.057 seconds
[2025-12-01T05:15:36.032+0000] {processor.py:186} INFO - Started process (PID=4731) to work on /opt/airflow/dags/config.py
[2025-12-01T05:15:36.033+0000] {processor.py:914} INFO - Processing file /opt/airflow/dags/config.py for tasks to queue
[2025-12-01T05:15:36.035+0000] {logging_mixin.py:190} INFO - [2025-12-01T05:15:36.035+0000] {dagbag.py:588} INFO - Filling up the DagBag from /opt/airflow/dags/config.py
[2025-12-01T05:15:36.076+0000] {processor.py:927} WARNING - No viable dags retrieved from /opt/airflow/dags/config.py
[2025-12-01T05:15:36.085+0000] {processor.py:208} INFO - Processing /opt/airflow/dags/config.py took 0.057 seconds
[2025-12-01T05:16:06.298+0000] {processor.py:186} INFO - Started process (PID=4752) to work on /opt/airflow/dags/config.py
[2025-12-01T05:16:06.299+0000] {processor.py:914} INFO - Processing file /opt/airflow/dags/config.py for tasks to queue
[2025-12-01T05:16:06.301+0000] {logging_mixin.py:190} INFO - [2025-12-01T05:16:06.301+0000] {dagbag.py:588} INFO - Filling up the DagBag from /opt/airflow/dags/config.py
[2025-12-01T05:16:06.341+0000] {processor.py:927} WARNING - No viable dags retrieved from /opt/airflow/dags/config.py
[2025-12-01T05:16:06.354+0000] {processor.py:208} INFO - Processing /opt/airflow/dags/config.py took 0.060 seconds
[2025-12-01T05:16:36.569+0000] {processor.py:186} INFO - Started process (PID=4774) to work on /opt/airflow/dags/config.py
[2025-12-01T05:16:36.569+0000] {processor.py:914} INFO - Processing file /opt/airflow/dags/config.py for tasks to queue
[2025-12-01T05:16:36.571+0000] {logging_mixin.py:190} INFO - [2025-12-01T05:16:36.571+0000] {dagbag.py:588} INFO - Filling up the DagBag from /opt/airflow/dags/config.py
[2025-12-01T05:16:36.610+0000] {processor.py:927} WARNING - No viable dags retrieved from /opt/airflow/dags/config.py
[2025-12-01T05:16:36.621+0000] {processor.py:208} INFO - Processing /opt/airflow/dags/config.py took 0.056 seconds
[2025-12-01T05:17:06.818+0000] {processor.py:186} INFO - Started process (PID=4795) to work on /opt/airflow/dags/config.py
[2025-12-01T05:17:06.819+0000] {processor.py:914} INFO - Processing file /opt/airflow/dags/config.py for tasks to queue
[2025-12-01T05:17:06.821+0000] {logging_mixin.py:190} INFO - [2025-12-01T05:17:06.821+0000] {dagbag.py:588} INFO - Filling up the DagBag from /opt/airflow/dags/config.py
[2025-12-01T05:17:06.860+0000] {processor.py:927} WARNING - No viable dags retrieved from /opt/airflow/dags/config.py
[2025-12-01T05:17:06.871+0000] {processor.py:208} INFO - Processing /opt/airflow/dags/config.py took 0.058 seconds
[2025-12-01T05:17:37.110+0000] {processor.py:186} INFO - Started process (PID=4816) to work on /opt/airflow/dags/config.py
[2025-12-01T05:17:37.111+0000] {processor.py:914} INFO - Processing file /opt/airflow/dags/config.py for tasks to queue
[2025-12-01T05:17:37.113+0000] {logging_mixin.py:190} INFO - [2025-12-01T05:17:37.113+0000] {dagbag.py:588} INFO - Filling up the DagBag from /opt/airflow/dags/config.py
[2025-12-01T05:17:37.154+0000] {processor.py:927} WARNING - No viable dags retrieved from /opt/airflow/dags/config.py
[2025-12-01T05:17:37.165+0000] {processor.py:208} INFO - Processing /opt/airflow/dags/config.py took 0.059 seconds
[2025-12-01T05:18:07.371+0000] {processor.py:186} INFO - Started process (PID=4837) to work on /opt/airflow/dags/config.py
[2025-12-01T05:18:07.372+0000] {processor.py:914} INFO - Processing file /opt/airflow/dags/config.py for tasks to queue
[2025-12-01T05:18:07.374+0000] {logging_mixin.py:190} INFO - [2025-12-01T05:18:07.374+0000] {dagbag.py:588} INFO - Filling up the DagBag from /opt/airflow/dags/config.py
[2025-12-01T05:18:07.414+0000] {processor.py:927} WARNING - No viable dags retrieved from /opt/airflow/dags/config.py
[2025-12-01T05:18:07.425+0000] {processor.py:208} INFO - Processing /opt/airflow/dags/config.py took 0.059 seconds
[2025-12-01T05:18:37.628+0000] {processor.py:186} INFO - Started process (PID=4858) to work on /opt/airflow/dags/config.py
[2025-12-01T05:18:37.628+0000] {processor.py:914} INFO - Processing file /opt/airflow/dags/config.py for tasks to queue
[2025-12-01T05:18:37.630+0000] {logging_mixin.py:190} INFO - [2025-12-01T05:18:37.629+0000] {dagbag.py:588} INFO - Filling up the DagBag from /opt/airflow/dags/config.py
[2025-12-01T05:18:37.670+0000] {processor.py:927} WARNING - No viable dags retrieved from /opt/airflow/dags/config.py
[2025-12-01T05:18:37.678+0000] {processor.py:208} INFO - Processing /opt/airflow/dags/config.py took 0.056 seconds
[2025-12-01T05:19:07.904+0000] {processor.py:186} INFO - Started process (PID=4880) to work on /opt/airflow/dags/config.py
[2025-12-01T05:19:07.905+0000] {processor.py:914} INFO - Processing file /opt/airflow/dags/config.py for tasks to queue
[2025-12-01T05:19:07.907+0000] {logging_mixin.py:190} INFO - [2025-12-01T05:19:07.906+0000] {dagbag.py:588} INFO - Filling up the DagBag from /opt/airflow/dags/config.py
[2025-12-01T05:19:07.945+0000] {processor.py:927} WARNING - No viable dags retrieved from /opt/airflow/dags/config.py
[2025-12-01T05:19:07.955+0000] {processor.py:208} INFO - Processing /opt/airflow/dags/config.py took 0.055 seconds
[2025-12-01T05:19:38.154+0000] {processor.py:186} INFO - Started process (PID=4901) to work on /opt/airflow/dags/config.py
[2025-12-01T05:19:38.155+0000] {processor.py:914} INFO - Processing file /opt/airflow/dags/config.py for tasks to queue
[2025-12-01T05:19:38.157+0000] {logging_mixin.py:190} INFO - [2025-12-01T05:19:38.156+0000] {dagbag.py:588} INFO - Filling up the DagBag from /opt/airflow/dags/config.py
[2025-12-01T05:19:38.196+0000] {processor.py:927} WARNING - No viable dags retrieved from /opt/airflow/dags/config.py
[2025-12-01T05:19:38.207+0000] {processor.py:208} INFO - Processing /opt/airflow/dags/config.py took 0.058 seconds
[2025-12-01T05:20:08.439+0000] {processor.py:186} INFO - Started process (PID=4922) to work on /opt/airflow/dags/config.py
[2025-12-01T05:20:08.441+0000] {processor.py:914} INFO - Processing file /opt/airflow/dags/config.py for tasks to queue
[2025-12-01T05:20:08.442+0000] {logging_mixin.py:190} INFO - [2025-12-01T05:20:08.442+0000] {dagbag.py:588} INFO - Filling up the DagBag from /opt/airflow/dags/config.py
[2025-12-01T05:20:08.483+0000] {processor.py:927} WARNING - No viable dags retrieved from /opt/airflow/dags/config.py
[2025-12-01T05:20:08.492+0000] {processor.py:208} INFO - Processing /opt/airflow/dags/config.py took 0.057 seconds
[2025-12-01T05:20:38.709+0000] {processor.py:186} INFO - Started process (PID=4943) to work on /opt/airflow/dags/config.py
[2025-12-01T05:20:38.710+0000] {processor.py:914} INFO - Processing file /opt/airflow/dags/config.py for tasks to queue
[2025-12-01T05:20:38.712+0000] {logging_mixin.py:190} INFO - [2025-12-01T05:20:38.712+0000] {dagbag.py:588} INFO - Filling up the DagBag from /opt/airflow/dags/config.py
[2025-12-01T05:20:38.751+0000] {processor.py:927} WARNING - No viable dags retrieved from /opt/airflow/dags/config.py
[2025-12-01T05:20:38.761+0000] {processor.py:208} INFO - Processing /opt/airflow/dags/config.py took 0.056 seconds
[2025-12-01T05:21:08.966+0000] {processor.py:186} INFO - Started process (PID=4965) to work on /opt/airflow/dags/config.py
[2025-12-01T05:21:08.967+0000] {processor.py:914} INFO - Processing file /opt/airflow/dags/config.py for tasks to queue
[2025-12-01T05:21:08.969+0000] {logging_mixin.py:190} INFO - [2025-12-01T05:21:08.969+0000] {dagbag.py:588} INFO - Filling up the DagBag from /opt/airflow/dags/config.py
[2025-12-01T05:21:09.009+0000] {processor.py:927} WARNING - No viable dags retrieved from /opt/airflow/dags/config.py
[2025-12-01T05:21:09.020+0000] {processor.py:208} INFO - Processing /opt/airflow/dags/config.py took 0.058 seconds
[2025-12-01T05:21:39.259+0000] {processor.py:186} INFO - Started process (PID=4987) to work on /opt/airflow/dags/config.py
[2025-12-01T05:21:39.260+0000] {processor.py:914} INFO - Processing file /opt/airflow/dags/config.py for tasks to queue
[2025-12-01T05:21:39.262+0000] {logging_mixin.py:190} INFO - [2025-12-01T05:21:39.261+0000] {dagbag.py:588} INFO - Filling up the DagBag from /opt/airflow/dags/config.py
[2025-12-01T05:21:39.302+0000] {processor.py:927} WARNING - No viable dags retrieved from /opt/airflow/dags/config.py
[2025-12-01T05:21:39.313+0000] {processor.py:208} INFO - Processing /opt/airflow/dags/config.py took 0.058 seconds
[2025-12-01T05:22:09.511+0000] {processor.py:186} INFO - Started process (PID=5009) to work on /opt/airflow/dags/config.py
[2025-12-01T05:22:09.512+0000] {processor.py:914} INFO - Processing file /opt/airflow/dags/config.py for tasks to queue
[2025-12-01T05:22:09.514+0000] {logging_mixin.py:190} INFO - [2025-12-01T05:22:09.514+0000] {dagbag.py:588} INFO - Filling up the DagBag from /opt/airflow/dags/config.py
[2025-12-01T05:22:09.553+0000] {processor.py:927} WARNING - No viable dags retrieved from /opt/airflow/dags/config.py
[2025-12-01T05:22:09.566+0000] {processor.py:208} INFO - Processing /opt/airflow/dags/config.py took 0.059 seconds
[2025-12-01T05:22:39.788+0000] {processor.py:186} INFO - Started process (PID=5030) to work on /opt/airflow/dags/config.py
[2025-12-01T05:22:39.789+0000] {processor.py:914} INFO - Processing file /opt/airflow/dags/config.py for tasks to queue
[2025-12-01T05:22:39.791+0000] {logging_mixin.py:190} INFO - [2025-12-01T05:22:39.791+0000] {dagbag.py:588} INFO - Filling up the DagBag from /opt/airflow/dags/config.py
[2025-12-01T05:22:39.831+0000] {processor.py:927} WARNING - No viable dags retrieved from /opt/airflow/dags/config.py
[2025-12-01T05:22:39.842+0000] {processor.py:208} INFO - Processing /opt/airflow/dags/config.py took 0.059 seconds
[2025-12-01T05:23:10.044+0000] {processor.py:186} INFO - Started process (PID=5052) to work on /opt/airflow/dags/config.py
[2025-12-01T05:23:10.045+0000] {processor.py:914} INFO - Processing file /opt/airflow/dags/config.py for tasks to queue
[2025-12-01T05:23:10.047+0000] {logging_mixin.py:190} INFO - [2025-12-01T05:23:10.047+0000] {dagbag.py:588} INFO - Filling up the DagBag from /opt/airflow/dags/config.py
[2025-12-01T05:23:10.087+0000] {processor.py:927} WARNING - No viable dags retrieved from /opt/airflow/dags/config.py
[2025-12-01T05:23:10.096+0000] {processor.py:208} INFO - Processing /opt/airflow/dags/config.py took 0.057 seconds
[2025-12-01T05:23:40.313+0000] {processor.py:186} INFO - Started process (PID=5074) to work on /opt/airflow/dags/config.py
[2025-12-01T05:23:40.313+0000] {processor.py:914} INFO - Processing file /opt/airflow/dags/config.py for tasks to queue
[2025-12-01T05:23:40.315+0000] {logging_mixin.py:190} INFO - [2025-12-01T05:23:40.315+0000] {dagbag.py:588} INFO - Filling up the DagBag from /opt/airflow/dags/config.py
[2025-12-01T05:23:40.355+0000] {processor.py:927} WARNING - No viable dags retrieved from /opt/airflow/dags/config.py
[2025-12-01T05:23:40.365+0000] {processor.py:208} INFO - Processing /opt/airflow/dags/config.py took 0.058 seconds
[2025-12-01T05:24:10.581+0000] {processor.py:186} INFO - Started process (PID=5095) to work on /opt/airflow/dags/config.py
[2025-12-01T05:24:10.582+0000] {processor.py:914} INFO - Processing file /opt/airflow/dags/config.py for tasks to queue
[2025-12-01T05:24:10.584+0000] {logging_mixin.py:190} INFO - [2025-12-01T05:24:10.583+0000] {dagbag.py:588} INFO - Filling up the DagBag from /opt/airflow/dags/config.py
[2025-12-01T05:24:10.624+0000] {processor.py:927} WARNING - No viable dags retrieved from /opt/airflow/dags/config.py
[2025-12-01T05:24:10.634+0000] {processor.py:208} INFO - Processing /opt/airflow/dags/config.py took 0.057 seconds
[2025-12-01T05:24:40.831+0000] {processor.py:186} INFO - Started process (PID=5116) to work on /opt/airflow/dags/config.py
[2025-12-01T05:24:40.832+0000] {processor.py:914} INFO - Processing file /opt/airflow/dags/config.py for tasks to queue
[2025-12-01T05:24:40.833+0000] {logging_mixin.py:190} INFO - [2025-12-01T05:24:40.833+0000] {dagbag.py:588} INFO - Filling up the DagBag from /opt/airflow/dags/config.py
[2025-12-01T05:24:40.873+0000] {processor.py:927} WARNING - No viable dags retrieved from /opt/airflow/dags/config.py
[2025-12-01T05:24:40.885+0000] {processor.py:208} INFO - Processing /opt/airflow/dags/config.py took 0.058 seconds
[2025-12-01T05:25:11.121+0000] {processor.py:186} INFO - Started process (PID=5138) to work on /opt/airflow/dags/config.py
[2025-12-01T05:25:11.122+0000] {processor.py:914} INFO - Processing file /opt/airflow/dags/config.py for tasks to queue
[2025-12-01T05:25:11.124+0000] {logging_mixin.py:190} INFO - [2025-12-01T05:25:11.124+0000] {dagbag.py:588} INFO - Filling up the DagBag from /opt/airflow/dags/config.py
[2025-12-01T05:25:11.165+0000] {processor.py:927} WARNING - No viable dags retrieved from /opt/airflow/dags/config.py
[2025-12-01T05:25:11.175+0000] {processor.py:208} INFO - Processing /opt/airflow/dags/config.py took 0.058 seconds
[2025-12-01T05:25:41.391+0000] {processor.py:186} INFO - Started process (PID=5159) to work on /opt/airflow/dags/config.py
[2025-12-01T05:25:41.392+0000] {processor.py:914} INFO - Processing file /opt/airflow/dags/config.py for tasks to queue
[2025-12-01T05:25:41.394+0000] {logging_mixin.py:190} INFO - [2025-12-01T05:25:41.394+0000] {dagbag.py:588} INFO - Filling up the DagBag from /opt/airflow/dags/config.py
[2025-12-01T05:25:41.434+0000] {processor.py:927} WARNING - No viable dags retrieved from /opt/airflow/dags/config.py
[2025-12-01T05:25:41.445+0000] {processor.py:208} INFO - Processing /opt/airflow/dags/config.py took 0.059 seconds
